Arguments: 
  /Users/damduong/.nvm/versions/node/v16.15.0/bin/node /Users/damduong/.yarn/bin/yarn.js

PATH: 
  /Users/damduong/.yarn/bin:/Users/damduong/.config/yarn/global/node_modules/.bin:/Users/damduong/google-cloud-sdk/bin:/Users/damduong/.nvm/versions/node/v16.15.0/bin:/usr/local/bin:/usr/bin:/bin:/usr/sbin:/sbin:/Library/Apple/usr/bin:/Users/damduong/classfunc/moment-format/node_modules/.bin

Yarn version: 
  1.22.19

Node version: 
  16.15.0

Platform: 
  darwin x64

Trace: 
  SyntaxError: /Users/damduong/classfunc/moment-format/package.json: Unexpected token } in JSON at position 319
      at JSON.parse (<anonymous>)
      at /Users/damduong/.yarn/lib/cli.js:1629:59
      at Generator.next (<anonymous>)
      at step (/Users/damduong/.yarn/lib/cli.js:310:30)
      at /Users/damduong/.yarn/lib/cli.js:321:13

npm manifest: 
  {
    "name": "use-moment",
    "version": "1.0.0",
    "description": "moment format easy to use",
    "main": "types.ts",
    "scripts": {
      "test": "echo \"Error: no test specified\" && exit 1"
    },
    "author": "duongdam",
    "license": "MIT",
    "dependencies": {
      "moment": "^2.29.3",
      "moment-timezone": "^0.5.34",
    }
  }

yarn manifest: 
  No manifest

Lockfile: 
  # THIS IS AN AUTOGENERATED FILE. DO NOT EDIT THIS FILE DIRECTLY.
  # yarn lockfile v1
  
  
  "@types/moment-timezone@^0.5.30":
    version "0.5.30"
    resolved "https://registry.yarnpkg.com/@types/moment-timezone/-/moment-timezone-0.5.30.tgz#340ed45fe3e715f4a011f5cfceb7cb52aad46fc7"
    integrity sha512-aDVfCsjYnAQaV/E9Qc24C5Njx1CoDjXsEgkxtp9NyXDpYu4CCbmclb6QhWloS9UTU/8YROUEEdEkWI0D7DxnKg==
    dependencies:
      moment-timezone "*"
  
  "@types/moment@^2.13.0":
    version "2.13.0"
    resolved "https://registry.yarnpkg.com/@types/moment/-/moment-2.13.0.tgz#604ebd189bc3bc34a1548689404e61a2a4aac896"
    integrity sha512-DyuyYGpV6r+4Z1bUznLi/Y7HpGn4iQ4IVcGn8zrr1P4KotKLdH0sbK1TFR6RGyX6B+G8u83wCzL+bpawKU/hdQ==
    dependencies:
      moment "*"
  
  moment-timezone@*, moment-timezone@^0.5.34:
    version "0.5.34"
    resolved "https://registry.yarnpkg.com/moment-timezone/-/moment-timezone-0.5.34.tgz#a75938f7476b88f155d3504a9343f7519d9a405c"
    integrity sha512-3zAEHh2hKUs3EXLESx/wsgw6IQdusOT8Bxm3D9UrHPQR7zlMmzwybC8zHEM1tQ4LJwP7fcxrWr8tuBg05fFCbg==
    dependencies:
      moment ">= 2.9.0"
  
  moment@*, "moment@>= 2.9.0", moment@^2.29.3:
    version "2.29.3"
    resolved "https://registry.yarnpkg.com/moment/-/moment-2.29.3.tgz#edd47411c322413999f7a5940d526de183c031f3"
    integrity sha512-c6YRvhEo//6T2Jz/vVtYzqBzwvPT95JBQ+smCytzf7c50oMZRsR/a4w88aD34I+/QVSfnoAnSBFPJHItlOMJVw==
  
  typescript@^4.7.3:
    version "4.7.3"
    resolved "https://registry.yarnpkg.com/typescript/-/typescript-4.7.3.tgz#8364b502d5257b540f9de4c40be84c98e23a129d"
    integrity sha512-WOkT3XYvrpXx4vMMqlD+8R8R37fZkjyLGlxavMc4iB8lrl8L0DeTcHbYgw/v0N/z9wAFsgBhcsF0ruoySS22mA==
